Generated: /Users/avada/CSL/reports/scripts/../weekly/weekly-CSL-report-2026-04-13.md
Generated: /Users/avada/CSL/reports/scripts/../weekly/weekly-CSL-report-2026-04-20.md
Generated: /Users/avada/CSL/reports/scripts/../weekly/weekly-CSL-report-2026-05-11.md
Generated: /Users/avada/CSL/reports/scripts/../weekly/weekly-CSL-report-2026-05-18.md
Generated: /Users/avada/CSL/reports/scripts/../weekly/weekly-CSL-report-2026-05-25.md
Generated: /Users/avada/CSL/reports/scripts/../weekly/weekly-CSL-report-2026-06-01.md
Generated: /Users/avada/CSL/reports/scripts/../weekly/weekly-CSL-report-2026-06-08.md
Filling Top Issues...
/Users/avada/Library/Python/3.9/lib/python/site-packages/urllib3/__init__.py:35: NotOpenSSLWarning: urllib3 v2 only supports OpenSSL 1.1.1+, currently the 'ssl' module is compiled with 'LibreSSL 2.8.3'. See: https://github.com/urllib3/urllib3/issues/3020
  warnings.warn(
Fetching tickets: 2026-06-08 → 2026-06-14
  Chatty...
    0 tickets fetched, 0 after filter
  JOY Loyalty...
    2 tickets fetched, 1 after filter

============================================================
Top Issues — 08/06–14/06/2026
============================================================
**Chatty** (0 tickets)
_(Không có issues được report tuần này)_

**Joy** (1 tickets)
1. **Feature request / customization** — 1 cases _(Customization / Theme)_
Filled: /Users/avada/CSL/reports/weekly/weekly-CSL-report-2026-06-08.md
